2025-09-25 10:17:14 [main] INFO  c.e.b.EngineerWorkPlatformApplication - Starting EngineerWorkPlatformApplication using Java 17.0.16 with PID 16485 (/home/ubuntu/engineer-work-platform/backend-service/engineer-work-backend/target/classes started by ubuntu in /home/ubuntu/engineer-work-platform/backend-service/engineer-work-backend)
2025-09-25 10:17:14 [main] DEBUG c.e.b.EngineerWorkPlatformApplication - Running with Spring Boot v3.1.5, Spring v6.0.13
2025-09-25 10:17:14 [main] INFO  c.e.b.EngineerWorkPlatformApplication - No active profile set, falling back to 1 default profile: "default"
2025-09-25 10:17:14 [main] INFO  o.s.d.r.c.RepositoryConfigurationDelegate - Bootstrapping Spring Data JPA repositories in DEFAULT mode.
2025-09-25 10:17:14 [main] INFO  o.s.d.r.c.RepositoryConfigurationDelegate - Finished Spring Data repository scanning in 107 ms. Found 5 JPA repository interfaces.
2025-09-25 10:17:15 [main] INFO  o.s.b.w.e.tomcat.TomcatWebServer - Tomcat initialized with port(s): 8080 (http)
2025-09-25 10:17:15 [main] INFO  o.a.catalina.core.StandardService - Starting service [Tomcat]
2025-09-25 10:17:15 [main] INFO  o.a.catalina.core.StandardEngine - Starting Servlet engine: [Apache Tomcat/10.1.15]
2025-09-25 10:17:15 [main] INFO  o.a.c.c.C.[.[localhost].[/api] - Initializing Spring embedded WebApplicationContext
2025-09-25 10:17:15 [main] INFO  o.s.b.w.s.c.ServletWebServerApplicationContext - Root WebApplicationContext: initialization completed in 1230 ms
2025-09-25 10:17:15 [main] INFO  com.zaxxer.hikari.HikariDataSource - HikariPool-1 - Starting...
2025-09-25 10:17:15 [main] INFO  com.zaxxer.hikari.pool.HikariPool - HikariPool-1 - Added connection conn0: url=jdbc:h2:mem:testdb user=SA
2025-09-25 10:17:15 [main] INFO  com.zaxxer.hikari.HikariDataSource - HikariPool-1 - Start completed.
2025-09-25 10:17:15 [main] INFO  o.s.b.a.h.H2ConsoleAutoConfiguration - H2 console available at '/h2-console'. Database available at 'jdbc:h2:mem:testdb'
2025-09-25 10:17:15 [main] INFO  o.h.jpa.internal.util.LogHelper - HHH000204: Processing PersistenceUnitInfo [name: default]
2025-09-25 10:17:15 [main] INFO  org.hibernate.Version - HHH000412: Hibernate ORM core version 6.2.13.Final
2025-09-25 10:17:15 [main] INFO  org.hibernate.cfg.Environment - HHH000406: Using bytecode reflection optimizer
2025-09-25 10:17:15 [main] INFO  o.s.o.j.p.SpringPersistenceUnitInfo - No LoadTimeWeaver setup: ignoring JPA class transformer
2025-09-25 10:17:15 [main] WARN  org.hibernate.orm.deprecation - HHH90000025: H2Dialect does not need to be specified explicitly using 'hibernate.dialect' (remove the property setting and it will be selected by default)
2025-09-25 10:17:16 [main] INFO  o.h.e.t.j.p.i.JtaPlatformInitiator - HHH000489: No JTA platform available (set 'hibernate.transaction.jta.platform' to enable JTA platform integration)
2025-09-25 10:17:16 [main] DEBUG org.hibernate.SQL - 
    drop table if exists meeting_minutes cascade 
2025-09-25 10:17:16 [main] DEBUG org.hibernate.SQL - 
    drop table if exists meeting_participants cascade 
2025-09-25 10:17:16 [main] DEBUG org.hibernate.SQL - 
    drop table if exists report_schedules cascade 
2025-09-25 10:17:16 [main] DEBUG org.hibernate.SQL - 
    drop table if exists team_members cascade 
2025-09-25 10:17:16 [main] DEBUG org.hibernate.SQL - 
    drop table if exists teams cascade 
2025-09-25 10:17:16 [main] DEBUG org.hibernate.SQL - 
    drop table if exists users cascade 
2025-09-25 10:17:16 [main] DEBUG org.hibernate.SQL - 
    drop table if exists work_summaries cascade 
2025-09-25 10:17:16 [main] DEBUG org.hibernate.SQL - 
    create table meeting_minutes (
        duration_minutes integer,
        is_processed boolean,
        created_at timestamp(6),
        id bigint generated by default as identity,
        meeting_date timestamp(6) not null,
        processed_at timestamp(6),
        updated_at timestamp(6),
        meeting_id varchar(100),
        meeting_title varchar(200),
        action_items TEXT,
        ai_summary TEXT,
        attendees TEXT,
        decisions_made TEXT,
        key_points TEXT,
        meeting_platform varchar(255) check (meeting_platform in ('ZOOM','MICROSOFT_TEAMS','GOOGLE_MEET','SLACK_HUDDLE','OTHER')),
        recording_url varchar(255),
        transcript TEXT,
        primary key (id)
    )
2025-09-25 10:17:16 [main] DEBUG org.hibernate.SQL - 
    create table meeting_participants (
        meeting_id bigint not null,
        user_id bigint not null,
        primary key (meeting_id, user_id)
    )
2025-09-25 10:17:16 [main] DEBUG org.hibernate.SQL - 
    create table report_schedules (
        delivery_time time(6),
        include_team_summary boolean,
        is_active boolean,
        created_at timestamp(6),
        id bigint generated by default as identity,
        last_sent timestamp(6),
        next_scheduled timestamp(6),
        updated_at timestamp(6),
        user_id bigint not null,
        schedule_name varchar(100),
        recipient_email varchar(150),
        additional_recipients TEXT,
        delivery_day varchar(255) check (delivery_day in ('MONDAY','TUESDAY','WEDNESDAY','THURSDAY','FRIDAY','SATURDAY','SUNDAY')),
        frequency varchar(255) check (frequency in ('DAILY','WEEKLY','MONTHLY')),
        report_type varchar(255) check (report_type in ('INDIVIDUAL_SUMMARY','TEAM_SUMMARY','MANAGER_OVERVIEW')),
        primary key (id)
    )
2025-09-25 10:17:16 [main] DEBUG org.hibernate.SQL - 
    create table team_members (
        team_id bigint not null,
        user_id bigint not null,
        primary key (team_id, user_id)
    )
2025-09-25 10:17:16 [main] DEBUG org.hibernate.SQL - 
    create table teams (
        created_at timestamp(6),
        id bigint generated by default as identity,
        team_lead_id bigint,
        updated_at timestamp(6),
        name varchar(100) unique,
        description varchar(500),
        primary key (id)
    )
2025-09-25 10:17:16 [main] DEBUG org.hibernate.SQL - 
    create table users (
        is_account_non_expired boolean,
        is_account_non_locked boolean,
        is_credentials_non_expired boolean,
        is_enabled boolean,
        created_at timestamp(6),
        id bigint generated by default as identity,
        last_login timestamp(6),
        manager_id bigint,
        updated_at timestamp(6),
        github_username varchar(50),
        jira_username varchar(50),
        slack_user_id varchar(50),
        confluence_username varchar(100),
        first_name varchar(100),
        google_email varchar(100),
        last_name varchar(100),
        microsoft_email varchar(100),
        username varchar(100) unique,
        email varchar(150) unique,
        password varchar(255),
        role varchar(255) check (role in ('ENGINEER','MANAGER','LEADER','ADMIN')),
        primary key (id)
    )
2025-09-25 10:17:16 [main] DEBUG org.hibernate.SQL - 
    create table work_summaries (
        collaboration_score integer,
        productivity_score integer,
        summary_date date not null,
        created_at timestamp(6),
        id bigint generated by default as identity,
        updated_at timestamp(6),
        user_id bigint not null,
        ai_generated_summary TEXT,
        confluence_docs TEXT,
        customer_issues_resolved TEXT,
        github_commits TEXT,
        github_prs TEXT,
        github_reviews TEXT,
        jira_tickets TEXT,
        key_achievements TEXT,
        meetings_attended TEXT,
        slack_messages TEXT,
        summary_type varchar(255) check (summary_type in ('DAILY','WEEKLY','MONTHLY','YEARLY')),
        primary key (id)
    )
2025-09-25 10:17:16 [main] DEBUG org.hibernate.SQL - 
    alter table if exists meeting_participants 
       add constraint FK47sc15ag6030wipkxxj0a1t8o 
       foreign key (user_id) 
       references users
2025-09-25 10:17:16 [main] DEBUG org.hibernate.SQL - 
    alter table if exists meeting_participants 
       add constraint FKtdmwtiqsta6348dwur2sgaesi 
       foreign key (meeting_id) 
       references meeting_minutes
2025-09-25 10:17:16 [main] DEBUG org.hibernate.SQL - 
    alter table if exists report_schedules 
       add constraint FKe6sw809i73cve3ccp9tdse7vv 
       foreign key (user_id) 
       references users
2025-09-25 10:17:16 [main] DEBUG org.hibernate.SQL - 
    alter table if exists team_members 
       add constraint FKee8x7x5026imwmma9kndkxs36 
       foreign key (user_id) 
       references users
2025-09-25 10:17:16 [main] DEBUG org.hibernate.SQL - 
    alter table if exists team_members 
       add constraint FKtgca08el3ofisywcf11f0f76t 
       foreign key (team_id) 
       references teams
2025-09-25 10:17:16 [main] DEBUG org.hibernate.SQL - 
    alter table if exists teams 
       add constraint FK5pchfrqsfy4stdxcjbw3kdbh7 
       foreign key (team_lead_id) 
       references users
2025-09-25 10:17:16 [main] DEBUG org.hibernate.SQL - 
    alter table if exists users 
       add constraint FK5p1ci5btqfwvtaqx5n2wxi182 
       foreign key (manager_id) 
       references users
2025-09-25 10:17:16 [main] DEBUG org.hibernate.SQL - 
    alter table if exists work_summaries 
       add constraint FKt5gafn3bco4ungvrhosk1rplc 
       foreign key (user_id) 
       references users
2025-09-25 10:17:16 [main] INFO  o.s.o.j.LocalContainerEntityManagerFactoryBean - Initialized JPA EntityManagerFactory for persistence unit 'default'
2025-09-25 10:17:16 [main] INFO  o.s.d.j.r.query.QueryEnhancerFactory - Hibernate is in classpath; If applicable, HQL parser will be used.
2025-09-25 10:17:17 [main] ERROR o.s.b.w.e.tomcat.TomcatStarter - Error starting Tomcat context. Exception: org.springframework.beans.factory.UnsatisfiedDependencyException. Message: Error creating bean with name 'jwtRequestFilter' defined in file [/home/ubuntu/engineer-work-platform/backend-service/engineer-work-backend/target/classes/com/engineerplatform/backend/security/JwtRequestFilter.class]: Unsatisfied dependency expressed through constructor parameter 0: Error creating bean with name 'userService' defined in file [/home/ubuntu/engineer-work-platform/backend-service/engineer-work-backend/target/classes/com/engineerplatform/backend/service/UserService.class]: Unsatisfied dependency expressed through constructor parameter 1: Error creating bean with name 'securityConfig' defined in file [/home/ubuntu/engineer-work-platform/backend-service/engineer-work-backend/target/classes/com/engineerplatform/backend/security/SecurityConfig.class]: Unsatisfied dependency expressed through constructor parameter 0: Error creating bean with name 'userService': Requested bean is currently in creation: Is there an unresolvable circular reference?
2025-09-25 10:17:17 [main] INFO  o.a.catalina.core.StandardService - Stopping service [Tomcat]
2025-09-25 10:17:17 [main] WARN  o.s.b.w.s.c.AnnotationConfigServletWebServerApplicationContext - Exception encountered during context initialization - cancelling refresh attempt: org.springframework.context.ApplicationContextException: Unable to start web server
2025-09-25 10:17:17 [main] INFO  o.s.o.j.LocalContainerEntityManagerFactoryBean - Closing JPA EntityManagerFactory for persistence unit 'default'
2025-09-25 10:17:17 [main] DEBUG org.hibernate.SQL - 
    drop table if exists meeting_minutes cascade 
2025-09-25 10:17:17 [main] DEBUG org.hibernate.SQL - 
    drop table if exists meeting_participants cascade 
2025-09-25 10:17:17 [main] DEBUG org.hibernate.SQL - 
    drop table if exists report_schedules cascade 
2025-09-25 10:17:17 [main] DEBUG org.hibernate.SQL - 
    drop table if exists team_members cascade 
2025-09-25 10:17:17 [main] DEBUG org.hibernate.SQL - 
    drop table if exists teams cascade 
2025-09-25 10:17:17 [main] DEBUG org.hibernate.SQL - 
    drop table if exists users cascade 
2025-09-25 10:17:17 [main] DEBUG org.hibernate.SQL - 
    drop table if exists work_summaries cascade 
2025-09-25 10:17:17 [main] INFO  com.zaxxer.hikari.HikariDataSource - HikariPool-1 - Shutdown initiated...
2025-09-25 10:17:17 [main] INFO  com.zaxxer.hikari.HikariDataSource - HikariPool-1 - Shutdown completed.
2025-09-25 10:17:17 [main] INFO  o.s.b.a.l.ConditionEvaluationReportLogger - 

Error starting ApplicationContext. To display the condition evaluation report re-run your application with 'debug' enabled.
2025-09-25 10:17:17 [main] ERROR o.s.b.d.LoggingFailureAnalysisReporter - 

***************************
APPLICATION FAILED TO START
***************************

Description:

The dependencies of some of the beans in the application context form a cycle:

   jwtRequestFilter defined in file [/home/ubuntu/engineer-work-platform/backend-service/engineer-work-backend/target/classes/com/engineerplatform/backend/security/JwtRequestFilter.class]
┌─────┐
|  userService defined in file [/home/ubuntu/engineer-work-platform/backend-service/engineer-work-backend/target/classes/com/engineerplatform/backend/service/UserService.class]
↑     ↓
|  securityConfig defined in file [/home/ubuntu/engineer-work-platform/backend-service/engineer-work-backend/target/classes/com/engineerplatform/backend/security/SecurityConfig.class]
└─────┘


Action:

Relying upon circular references is discouraged and they are prohibited by default. Update your application to remove the dependency cycle between beans. As a last resort, it may be possible to break the cycle automatically by setting spring.main.allow-circular-references to true.

2025-09-25 10:17:50 [main] INFO  c.e.b.EngineerWorkPlatformApplication - Starting EngineerWorkPlatformApplication using Java 17.0.16 with PID 16767 (/home/ubuntu/engineer-work-platform/backend-service/engineer-work-backend/target/classes started by ubuntu in /home/ubuntu/engineer-work-platform/backend-service/engineer-work-backend)
2025-09-25 10:17:50 [main] DEBUG c.e.b.EngineerWorkPlatformApplication - Running with Spring Boot v3.1.5, Spring v6.0.13
2025-09-25 10:17:50 [main] INFO  c.e.b.EngineerWorkPlatformApplication - No active profile set, falling back to 1 default profile: "default"
2025-09-25 10:17:51 [main] INFO  o.s.d.r.c.RepositoryConfigurationDelegate - Bootstrapping Spring Data JPA repositories in DEFAULT mode.
2025-09-25 10:17:51 [main] INFO  o.s.d.r.c.RepositoryConfigurationDelegate - Finished Spring Data repository scanning in 107 ms. Found 5 JPA repository interfaces.
2025-09-25 10:17:51 [main] INFO  o.s.b.w.e.tomcat.TomcatWebServer - Tomcat initialized with port(s): 8080 (http)
2025-09-25 10:17:51 [main] INFO  o.a.catalina.core.StandardService - Starting service [Tomcat]
2025-09-25 10:17:51 [main] INFO  o.a.catalina.core.StandardEngine - Starting Servlet engine: [Apache Tomcat/10.1.15]
2025-09-25 10:17:51 [main] INFO  o.a.c.c.C.[.[localhost].[/api] - Initializing Spring embedded WebApplicationContext
2025-09-25 10:17:51 [main] INFO  o.s.b.w.s.c.ServletWebServerApplicationContext - Root WebApplicationContext: initialization completed in 1227 ms
2025-09-25 10:17:51 [main] INFO  com.zaxxer.hikari.HikariDataSource - HikariPool-1 - Starting...
2025-09-25 10:17:51 [main] INFO  com.zaxxer.hikari.pool.HikariPool - HikariPool-1 - Added connection conn0: url=jdbc:h2:mem:testdb user=SA
2025-09-25 10:17:51 [main] INFO  com.zaxxer.hikari.HikariDataSource - HikariPool-1 - Start completed.
2025-09-25 10:17:51 [main] INFO  o.s.b.a.h.H2ConsoleAutoConfiguration - H2 console available at '/h2-console'. Database available at 'jdbc:h2:mem:testdb'
2025-09-25 10:17:52 [main] INFO  o.h.jpa.internal.util.LogHelper - HHH000204: Processing PersistenceUnitInfo [name: default]
2025-09-25 10:17:52 [main] INFO  org.hibernate.Version - HHH000412: Hibernate ORM core version 6.2.13.Final
2025-09-25 10:17:52 [main] INFO  org.hibernate.cfg.Environment - HHH000406: Using bytecode reflection optimizer
2025-09-25 10:17:52 [main] INFO  o.s.o.j.p.SpringPersistenceUnitInfo - No LoadTimeWeaver setup: ignoring JPA class transformer
2025-09-25 10:17:52 [main] WARN  org.hibernate.orm.deprecation - HHH90000025: H2Dialect does not need to be specified explicitly using 'hibernate.dialect' (remove the property setting and it will be selected by default)
2025-09-25 10:17:53 [main] INFO  o.h.e.t.j.p.i.JtaPlatformInitiator - HHH000489: No JTA platform available (set 'hibernate.transaction.jta.platform' to enable JTA platform integration)
2025-09-25 10:17:53 [main] DEBUG org.hibernate.SQL - 
    drop table if exists meeting_minutes cascade 
2025-09-25 10:17:53 [main] DEBUG org.hibernate.SQL - 
    drop table if exists meeting_participants cascade 
2025-09-25 10:17:53 [main] DEBUG org.hibernate.SQL - 
    drop table if exists report_schedules cascade 
2025-09-25 10:17:53 [main] DEBUG org.hibernate.SQL - 
    drop table if exists team_members cascade 
2025-09-25 10:17:53 [main] DEBUG org.hibernate.SQL - 
    drop table if exists teams cascade 
2025-09-25 10:17:53 [main] DEBUG org.hibernate.SQL - 
    drop table if exists users cascade 
2025-09-25 10:17:53 [main] DEBUG org.hibernate.SQL - 
    drop table if exists work_summaries cascade 
2025-09-25 10:17:53 [main] DEBUG org.hibernate.SQL - 
    create table meeting_minutes (
        duration_minutes integer,
        is_processed boolean,
        created_at timestamp(6),
        id bigint generated by default as identity,
        meeting_date timestamp(6) not null,
        processed_at timestamp(6),
        updated_at timestamp(6),
        meeting_id varchar(100),
        meeting_title varchar(200),
        action_items TEXT,
        ai_summary TEXT,
        attendees TEXT,
        decisions_made TEXT,
        key_points TEXT,
        meeting_platform varchar(255) check (meeting_platform in ('ZOOM','MICROSOFT_TEAMS','GOOGLE_MEET','SLACK_HUDDLE','OTHER')),
        recording_url varchar(255),
        transcript TEXT,
        primary key (id)
    )
2025-09-25 10:17:53 [main] DEBUG org.hibernate.SQL - 
    create table meeting_participants (
        meeting_id bigint not null,
        user_id bigint not null,
        primary key (meeting_id, user_id)
    )
2025-09-25 10:17:53 [main] DEBUG org.hibernate.SQL - 
    create table report_schedules (
        delivery_time time(6),
        include_team_summary boolean,
        is_active boolean,
        created_at timestamp(6),
        id bigint generated by default as identity,
        last_sent timestamp(6),
        next_scheduled timestamp(6),
        updated_at timestamp(6),
        user_id bigint not null,
        schedule_name varchar(100),
        recipient_email varchar(150),
        additional_recipients TEXT,
        delivery_day varchar(255) check (delivery_day in ('MONDAY','TUESDAY','WEDNESDAY','THURSDAY','FRIDAY','SATURDAY','SUNDAY')),
        frequency varchar(255) check (frequency in ('DAILY','WEEKLY','MONTHLY')),
        report_type varchar(255) check (report_type in ('INDIVIDUAL_SUMMARY','TEAM_SUMMARY','MANAGER_OVERVIEW')),
        primary key (id)
    )
2025-09-25 10:17:53 [main] DEBUG org.hibernate.SQL - 
    create table team_members (
        team_id bigint not null,
        user_id bigint not null,
        primary key (team_id, user_id)
    )
2025-09-25 10:17:53 [main] DEBUG org.hibernate.SQL - 
    create table teams (
        created_at timestamp(6),
        id bigint generated by default as identity,
        team_lead_id bigint,
        updated_at timestamp(6),
        name varchar(100) unique,
        description varchar(500),
        primary key (id)
    )
2025-09-25 10:17:53 [main] DEBUG org.hibernate.SQL - 
    create table users (
        is_account_non_expired boolean,
        is_account_non_locked boolean,
        is_credentials_non_expired boolean,
        is_enabled boolean,
        created_at timestamp(6),
        id bigint generated by default as identity,
        last_login timestamp(6),
        manager_id bigint,
        updated_at timestamp(6),
        github_username varchar(50),
        jira_username varchar(50),
        slack_user_id varchar(50),
        confluence_username varchar(100),
        first_name varchar(100),
        google_email varchar(100),
        last_name varchar(100),
        microsoft_email varchar(100),
        username varchar(100) unique,
        email varchar(150) unique,
        password varchar(255),
        role varchar(255) check (role in ('ENGINEER','MANAGER','LEADER','ADMIN')),
        primary key (id)
    )
2025-09-25 10:17:53 [main] DEBUG org.hibernate.SQL - 
    create table work_summaries (
        collaboration_score integer,
        productivity_score integer,
        summary_date date not null,
        created_at timestamp(6),
        id bigint generated by default as identity,
        updated_at timestamp(6),
        user_id bigint not null,
        ai_generated_summary TEXT,
        confluence_docs TEXT,
        customer_issues_resolved TEXT,
        github_commits TEXT,
        github_prs TEXT,
        github_reviews TEXT,
        jira_tickets TEXT,
        key_achievements TEXT,
        meetings_attended TEXT,
        slack_messages TEXT,
        summary_type varchar(255) check (summary_type in ('DAILY','WEEKLY','MONTHLY','YEARLY')),
        primary key (id)
    )
2025-09-25 10:17:53 [main] DEBUG org.hibernate.SQL - 
    alter table if exists meeting_participants 
       add constraint FK47sc15ag6030wipkxxj0a1t8o 
       foreign key (user_id) 
       references users
2025-09-25 10:17:53 [main] DEBUG org.hibernate.SQL - 
    alter table if exists meeting_participants 
       add constraint FKtdmwtiqsta6348dwur2sgaesi 
       foreign key (meeting_id) 
       references meeting_minutes
2025-09-25 10:17:53 [main] DEBUG org.hibernate.SQL - 
    alter table if exists report_schedules 
       add constraint FKe6sw809i73cve3ccp9tdse7vv 
       foreign key (user_id) 
       references users
2025-09-25 10:17:53 [main] DEBUG org.hibernate.SQL - 
    alter table if exists team_members 
       add constraint FKee8x7x5026imwmma9kndkxs36 
       foreign key (user_id) 
       references users
2025-09-25 10:17:53 [main] DEBUG org.hibernate.SQL - 
    alter table if exists team_members 
       add constraint FKtgca08el3ofisywcf11f0f76t 
       foreign key (team_id) 
       references teams
2025-09-25 10:17:53 [main] DEBUG org.hibernate.SQL - 
    alter table if exists teams 
       add constraint FK5pchfrqsfy4stdxcjbw3kdbh7 
       foreign key (team_lead_id) 
       references users
2025-09-25 10:17:53 [main] DEBUG org.hibernate.SQL - 
    alter table if exists users 
       add constraint FK5p1ci5btqfwvtaqx5n2wxi182 
       foreign key (manager_id) 
       references users
2025-09-25 10:17:53 [main] DEBUG org.hibernate.SQL - 
    alter table if exists work_summaries 
       add constraint FKt5gafn3bco4ungvrhosk1rplc 
       foreign key (user_id) 
       references users
2025-09-25 10:17:53 [main] INFO  o.s.o.j.LocalContainerEntityManagerFactoryBean - Initialized JPA EntityManagerFactory for persistence unit 'default'
2025-09-25 10:17:53 [main] INFO  o.s.d.j.r.query.QueryEnhancerFactory - Hibernate is in classpath; If applicable, HQL parser will be used.
2025-09-25 10:17:53 [main] DEBUG c.e.b.security.JwtRequestFilter - Filter 'jwtRequestFilter' configured for use
2025-09-25 10:17:54 [main] WARN  o.s.b.a.o.j.JpaBaseConfiguration$JpaWebConfiguration - spring.jpa.open-in-view is enabled by default. Therefore, database queries may be performed during view rendering. Explicitly configure spring.jpa.open-in-view to disable this warning
2025-09-25 10:17:54 [main] WARN  o.s.b.w.s.c.AnnotationConfigServletWebServerApplicationContext - Exception encountered during context initialization - cancelling refresh attempt: org.springframework.beans.factory.UnsatisfiedDependencyException: Error creating bean with name 'org.springframework.security.config.annotation.web.configuration.WebSecurityConfiguration': Unsatisfied dependency expressed through method 'setFilterChains' parameter 0: Error creating bean with name 'filterChain' defined in class path resource [com/engineerplatform/backend/security/SecurityConfig.class]: Failed to instantiate [org.springframework.security.web.SecurityFilterChain]: Factory method 'filterChain' threw exception with message: This method cannot decide whether these patterns are Spring MVC patterns or not. If this endpoint is a Spring MVC endpoint, please use requestMatchers(MvcRequestMatcher); otherwise, please use requestMatchers(AntPathRequestMatcher).

This is because there is more than one mappable servlet in your servlet context: {org.h2.server.web.JakartaWebServlet=[/h2-console/*], org.springframework.web.servlet.DispatcherServlet=[/]}.

For each MvcRequestMatcher, call MvcRequestMatcher#setServletPath to indicate the servlet path.
2025-09-25 10:17:54 [main] INFO  o.s.o.j.LocalContainerEntityManagerFactoryBean - Closing JPA EntityManagerFactory for persistence unit 'default'
2025-09-25 10:17:54 [main] DEBUG org.hibernate.SQL - 
    drop table if exists meeting_minutes cascade 
2025-09-25 10:17:54 [main] DEBUG org.hibernate.SQL - 
    drop table if exists meeting_participants cascade 
2025-09-25 10:17:54 [main] DEBUG org.hibernate.SQL - 
    drop table if exists report_schedules cascade 
2025-09-25 10:17:54 [main] DEBUG org.hibernate.SQL - 
    drop table if exists team_members cascade 
2025-09-25 10:17:54 [main] DEBUG org.hibernate.SQL - 
    drop table if exists teams cascade 
2025-09-25 10:17:54 [main] DEBUG org.hibernate.SQL - 
    drop table if exists users cascade 
2025-09-25 10:17:54 [main] DEBUG org.hibernate.SQL - 
    drop table if exists work_summaries cascade 
2025-09-25 10:17:54 [main] INFO  com.zaxxer.hikari.HikariDataSource - HikariPool-1 - Shutdown initiated...
2025-09-25 10:17:54 [main] INFO  com.zaxxer.hikari.HikariDataSource - HikariPool-1 - Shutdown completed.
2025-09-25 10:17:54 [main] INFO  o.a.catalina.core.StandardService - Stopping service [Tomcat]
2025-09-25 10:17:54 [main] INFO  o.s.b.a.l.ConditionEvaluationReportLogger - 

Error starting ApplicationContext. To display the condition evaluation report re-run your application with 'debug' enabled.
2025-09-25 10:17:54 [main] ERROR o.s.boot.SpringApplication - Application run failed
org.springframework.beans.factory.UnsatisfiedDependencyException: Error creating bean with name 'org.springframework.security.config.annotation.web.configuration.WebSecurityConfiguration': Unsatisfied dependency expressed through method 'setFilterChains' parameter 0: Error creating bean with name 'filterChain' defined in class path resource [com/engineerplatform/backend/security/SecurityConfig.class]: Failed to instantiate [org.springframework.security.web.SecurityFilterChain]: Factory method 'filterChain' threw exception with message: This method cannot decide whether these patterns are Spring MVC patterns or not. If this endpoint is a Spring MVC endpoint, please use requestMatchers(MvcRequestMatcher); otherwise, please use requestMatchers(AntPathRequestMatcher).

This is because there is more than one mappable servlet in your servlet context: {org.h2.server.web.JakartaWebServlet=[/h2-console/*], org.springframework.web.servlet.DispatcherServlet=[/]}.

For each MvcRequestMatcher, call MvcRequestMatcher#setServletPath to indicate the servlet path.
	at org.springframework.beans.factory.annotation.AutowiredAnnotationBeanPostProcessor$AutowiredMethodElement.resolveMethodArguments(AutowiredAnnotationBeanPostProcessor.java:875)
	at org.springframework.beans.factory.annotation.AutowiredAnnotationBeanPostProcessor$AutowiredMethodElement.inject(AutowiredAnnotationBeanPostProcessor.java:828)
	at org.springframework.beans.factory.annotation.InjectionMetadata.inject(InjectionMetadata.java:145)
	at org.springframework.beans.factory.annotation.AutowiredAnnotationBeanPostProcessor.postProcessProperties(AutowiredAnnotationBeanPostProcessor.java:492)
	at org.springframework.beans.factory.support.AbstractAutowireCapableBeanFactory.populateBean(AbstractAutowireCapableBeanFactory.java:1416)
	at org.springframework.beans.factory.support.AbstractAutowireCapableBeanFactory.doCreateBean(AbstractAutowireCapableBeanFactory.java:597)
	at org.springframework.beans.factory.support.AbstractAutowireCapableBeanFactory.createBean(AbstractAutowireCapableBeanFactory.java:520)
	at org.springframework.beans.factory.support.AbstractBeanFactory.lambda$doGetBean$0(AbstractBeanFactory.java:325)
	at org.springframework.beans.factory.support.DefaultSingletonBeanRegistry.getSingleton(DefaultSingletonBeanRegistry.java:234)
	at org.springframework.beans.factory.support.AbstractBeanFactory.doGetBean(AbstractBeanFactory.java:323)
	at org.springframework.beans.factory.support.AbstractBeanFactory.getBean(AbstractBeanFactory.java:199)
	at org.springframework.beans.factory.support.DefaultListableBeanFactory.preInstantiateSingletons(DefaultListableBeanFactory.java:973)
	at org.springframework.context.support.AbstractApplicationContext.finishBeanFactoryInitialization(AbstractApplicationContext.java:950)
	at org.springframework.context.support.AbstractApplicationContext.refresh(AbstractApplicationContext.java:616)
	at org.springframework.boot.web.servlet.context.ServletWebServerApplicationContext.refresh(ServletWebServerApplicationContext.java:146)
	at org.springframework.boot.SpringApplication.refresh(SpringApplication.java:738)
	at org.springframework.boot.SpringApplication.refreshContext(SpringApplication.java:440)
	at org.springframework.boot.SpringApplication.run(SpringApplication.java:316)
	at org.springframework.boot.SpringApplication.run(SpringApplication.java:1306)
	at org.springframework.boot.SpringApplication.run(SpringApplication.java:1295)
	at com.engineerplatform.backend.EngineerWorkPlatformApplication.main(EngineerWorkPlatformApplication.java:14)
Caused by: org.springframework.beans.factory.BeanCreationException: Error creating bean with name 'filterChain' defined in class path resource [com/engineerplatform/backend/security/SecurityConfig.class]: Failed to instantiate [org.springframework.security.web.SecurityFilterChain]: Factory method 'filterChain' threw exception with message: This method cannot decide whether these patterns are Spring MVC patterns or not. If this endpoint is a Spring MVC endpoint, please use requestMatchers(MvcRequestMatcher); otherwise, please use requestMatchers(AntPathRequestMatcher).

This is because there is more than one mappable servlet in your servlet context: {org.h2.server.web.JakartaWebServlet=[/h2-console/*], org.springframework.web.servlet.DispatcherServlet=[/]}.

For each MvcRequestMatcher, call MvcRequestMatcher#setServletPath to indicate the servlet path.
	at org.springframework.beans.factory.support.ConstructorResolver.instantiate(ConstructorResolver.java:654)
	at org.springframework.beans.factory.support.ConstructorResolver.instantiateUsingFactoryMethod(ConstructorResolver.java:642)
	at org.springframework.beans.factory.support.AbstractAutowireCapableBeanFactory.instantiateUsingFactoryMethod(AbstractAutowireCapableBeanFactory.java:1332)
	at org.springframework.beans.factory.support.AbstractAutowireCapableBeanFactory.createBeanInstance(AbstractAutowireCapableBeanFactory.java:1162)
	at org.springframework.beans.factory.support.AbstractAutowireCapableBeanFactory.doCreateBean(AbstractAutowireCapableBeanFactory.java:560)
	at org.springframework.beans.factory.support.AbstractAutowireCapableBeanFactory.createBean(AbstractAutowireCapableBeanFactory.java:520)
	at org.springframework.beans.factory.support.AbstractBeanFactory.lambda$doGetBean$0(AbstractBeanFactory.java:325)
	at org.springframework.beans.factory.support.DefaultSingletonBeanRegistry.getSingleton(DefaultSingletonBeanRegistry.java:234)
	at org.springframework.beans.factory.support.AbstractBeanFactory.doGetBean(AbstractBeanFactory.java:323)
	at org.springframework.beans.factory.support.AbstractBeanFactory.getBean(AbstractBeanFactory.java:199)
	at org.springframework.beans.factory.config.DependencyDescriptor.resolveCandidate(DependencyDescriptor.java:254)
	at org.springframework.beans.factory.support.DefaultListableBeanFactory.addCandidateEntry(DefaultListableBeanFactory.java:1633)
	at org.springframework.beans.factory.support.DefaultListableBeanFactory.findAutowireCandidates(DefaultListableBeanFactory.java:1597)
	at org.springframework.beans.factory.support.DefaultListableBeanFactory.resolveMultipleBeans(DefaultListableBeanFactory.java:1488)
	at org.springframework.beans.factory.support.DefaultListableBeanFactory.doResolveDependency(DefaultListableBeanFactory.java:1375)
	at org.springframework.beans.factory.support.DefaultListableBeanFactory.resolveDependency(DefaultListableBeanFactory.java:1337)
	at org.springframework.beans.factory.annotation.AutowiredAnnotationBeanPostProcessor$AutowiredMethodElement.resolveMethodArguments(AutowiredAnnotationBeanPostProcessor.java:867)
	... 20 common frames omitted
Caused by: org.springframework.beans.BeanInstantiationException: Failed to instantiate [org.springframework.security.web.SecurityFilterChain]: Factory method 'filterChain' threw exception with message: This method cannot decide whether these patterns are Spring MVC patterns or not. If this endpoint is a Spring MVC endpoint, please use requestMatchers(MvcRequestMatcher); otherwise, please use requestMatchers(AntPathRequestMatcher).

This is because there is more than one mappable servlet in your servlet context: {org.h2.server.web.JakartaWebServlet=[/h2-console/*], org.springframework.web.servlet.DispatcherServlet=[/]}.

For each MvcRequestMatcher, call MvcRequestMatcher#setServletPath to indicate the servlet path.
	at org.springframework.beans.factory.support.SimpleInstantiationStrategy.instantiate(SimpleInstantiationStrategy.java:171)
	at org.springframework.beans.factory.support.ConstructorResolver.instantiate(ConstructorResolver.java:650)
	... 36 common frames omitted
Caused by: java.lang.IllegalArgumentException: This method cannot decide whether these patterns are Spring MVC patterns or not. If this endpoint is a Spring MVC endpoint, please use requestMatchers(MvcRequestMatcher); otherwise, please use requestMatchers(AntPathRequestMatcher).

This is because there is more than one mappable servlet in your servlet context: {org.h2.server.web.JakartaWebServlet=[/h2-console/*], org.springframework.web.servlet.DispatcherServlet=[/]}.

For each MvcRequestMatcher, call MvcRequestMatcher#setServletPath to indicate the servlet path.
	at org.springframework.security.config.annotation.web.AbstractRequestMatcherRegistry.requestMatchers(AbstractRequestMatcherRegistry.java:208)
	at org.springframework.security.config.annotation.web.AbstractRequestMatcherRegistry.requestMatchers(AbstractRequestMatcherRegistry.java:276)
	at com.engineerplatform.backend.security.SecurityConfig.lambda$filterChain$4(SecurityConfig.java:68)
	at org.springframework.security.config.annotation.web.builders.HttpSecurity.authorizeHttpRequests(HttpSecurity.java:1466)
	at com.engineerplatform.backend.security.SecurityConfig.filterChain(SecurityConfig.java:67)
	at com.engineerplatform.backend.security.SecurityConfig$$SpringCGLIB$$0.CGLIB$filterChain$2(<generated>)
	at com.engineerplatform.backend.security.SecurityConfig$$SpringCGLIB$$FastClass$$1.invoke(<generated>)
	at org.springframework.cglib.proxy.MethodProxy.invokeSuper(MethodProxy.java:258)
	at org.springframework.context.annotation.ConfigurationClassEnhancer$BeanMethodInterceptor.intercept(ConfigurationClassEnhancer.java:331)
	at com.engineerplatform.backend.security.SecurityConfig$$SpringCGLIB$$0.filterChain(<generated>)
	at java.base/jdk.internal.reflect.NativeMethodAccessorImpl.invoke0(Native Method)
	at java.base/jdk.internal.reflect.NativeMethodAccessorImpl.invoke(NativeMethodAccessorImpl.java:77)
	at java.base/jdk.internal.reflect.DelegatingMethodAccessorImpl.invoke(DelegatingMethodAccessorImpl.java:43)
	at java.base/java.lang.reflect.Method.invoke(Method.java:569)
	at org.springframework.beans.factory.support.SimpleInstantiationStrategy.instantiate(SimpleInstantiationStrategy.java:139)
	... 37 common frames omitted
2025-09-25 10:18:20 [main] INFO  c.e.b.EngineerWorkPlatformApplication - Starting EngineerWorkPlatformApplication using Java 17.0.16 with PID 17005 (/home/ubuntu/engineer-work-platform/backend-service/engineer-work-backend/target/classes started by ubuntu in /home/ubuntu/engineer-work-platform/backend-service/engineer-work-backend)
2025-09-25 10:18:20 [main] DEBUG c.e.b.EngineerWorkPlatformApplication - Running with Spring Boot v3.1.5, Spring v6.0.13
2025-09-25 10:18:20 [main] INFO  c.e.b.EngineerWorkPlatformApplication - No active profile set, falling back to 1 default profile: "default"
2025-09-25 10:18:20 [main] INFO  o.s.d.r.c.RepositoryConfigurationDelegate - Bootstrapping Spring Data JPA repositories in DEFAULT mode.
2025-09-25 10:18:21 [main] INFO  o.s.d.r.c.RepositoryConfigurationDelegate - Finished Spring Data repository scanning in 109 ms. Found 5 JPA repository interfaces.
2025-09-25 10:18:21 [main] INFO  o.s.b.w.e.tomcat.TomcatWebServer - Tomcat initialized with port(s): 8080 (http)
2025-09-25 10:18:21 [main] INFO  o.a.catalina.core.StandardService - Starting service [Tomcat]
2025-09-25 10:18:21 [main] INFO  o.a.catalina.core.StandardEngine - Starting Servlet engine: [Apache Tomcat/10.1.15]
2025-09-25 10:18:21 [main] INFO  o.a.c.c.C.[.[localhost].[/api] - Initializing Spring embedded WebApplicationContext
2025-09-25 10:18:21 [main] INFO  o.s.b.w.s.c.ServletWebServerApplicationContext - Root WebApplicationContext: initialization completed in 1248 ms
2025-09-25 10:18:21 [main] INFO  com.zaxxer.hikari.HikariDataSource - HikariPool-1 - Starting...
2025-09-25 10:18:21 [main] INFO  com.zaxxer.hikari.pool.HikariPool - HikariPool-1 - Added connection conn0: url=jdbc:h2:mem:testdb user=SA
2025-09-25 10:18:21 [main] INFO  com.zaxxer.hikari.HikariDataSource - HikariPool-1 - Start completed.
2025-09-25 10:18:21 [main] INFO  o.s.b.a.h.H2ConsoleAutoConfiguration - H2 console available at '/h2-console'. Database available at 'jdbc:h2:mem:testdb'
2025-09-25 10:18:21 [main] INFO  o.h.jpa.internal.util.LogHelper - HHH000204: Processing PersistenceUnitInfo [name: default]
2025-09-25 10:18:21 [main] INFO  org.hibernate.Version - HHH000412: Hibernate ORM core version 6.2.13.Final
2025-09-25 10:18:21 [main] INFO  org.hibernate.cfg.Environment - HHH000406: Using bytecode reflection optimizer
2025-09-25 10:18:22 [main] INFO  o.s.o.j.p.SpringPersistenceUnitInfo - No LoadTimeWeaver setup: ignoring JPA class transformer
2025-09-25 10:18:22 [main] WARN  org.hibernate.orm.deprecation - HHH90000025: H2Dialect does not need to be specified explicitly using 'hibernate.dialect' (remove the property setting and it will be selected by default)
2025-09-25 10:18:22 [main] INFO  o.h.e.t.j.p.i.JtaPlatformInitiator - HHH000489: No JTA platform available (set 'hibernate.transaction.jta.platform' to enable JTA platform integration)
2025-09-25 10:18:22 [main] DEBUG org.hibernate.SQL - 
    drop table if exists meeting_minutes cascade 
2025-09-25 10:18:22 [main] DEBUG org.hibernate.SQL - 
    drop table if exists meeting_participants cascade 
2025-09-25 10:18:22 [main] DEBUG org.hibernate.SQL - 
    drop table if exists report_schedules cascade 
2025-09-25 10:18:22 [main] DEBUG org.hibernate.SQL - 
    drop table if exists team_members cascade 
2025-09-25 10:18:22 [main] DEBUG org.hibernate.SQL - 
    drop table if exists teams cascade 
2025-09-25 10:18:22 [main] DEBUG org.hibernate.SQL - 
    drop table if exists users cascade 
2025-09-25 10:18:22 [main] DEBUG org.hibernate.SQL - 
    drop table if exists work_summaries cascade 
2025-09-25 10:18:22 [main] DEBUG org.hibernate.SQL - 
    create table meeting_minutes (
        duration_minutes integer,
        is_processed boolean,
        created_at timestamp(6),
        id bigint generated by default as identity,
        meeting_date timestamp(6) not null,
        processed_at timestamp(6),
        updated_at timestamp(6),
        meeting_id varchar(100),
        meeting_title varchar(200),
        action_items TEXT,
        ai_summary TEXT,
        attendees TEXT,
        decisions_made TEXT,
        key_points TEXT,
        meeting_platform varchar(255) check (meeting_platform in ('ZOOM','MICROSOFT_TEAMS','GOOGLE_MEET','SLACK_HUDDLE','OTHER')),
        recording_url varchar(255),
        transcript TEXT,
        primary key (id)
    )
2025-09-25 10:18:22 [main] DEBUG org.hibernate.SQL - 
    create table meeting_participants (
        meeting_id bigint not null,
        user_id bigint not null,
        primary key (meeting_id, user_id)
    )
2025-09-25 10:18:22 [main] DEBUG org.hibernate.SQL - 
    create table report_schedules (
        delivery_time time(6),
        include_team_summary boolean,
        is_active boolean,
        created_at timestamp(6),
        id bigint generated by default as identity,
        last_sent timestamp(6),
        next_scheduled timestamp(6),
        updated_at timestamp(6),
        user_id bigint not null,
        schedule_name varchar(100),
        recipient_email varchar(150),
        additional_recipients TEXT,
        delivery_day varchar(255) check (delivery_day in ('MONDAY','TUESDAY','WEDNESDAY','THURSDAY','FRIDAY','SATURDAY','SUNDAY')),
        frequency varchar(255) check (frequency in ('DAILY','WEEKLY','MONTHLY')),
        report_type varchar(255) check (report_type in ('INDIVIDUAL_SUMMARY','TEAM_SUMMARY','MANAGER_OVERVIEW')),
        primary key (id)
    )
2025-09-25 10:18:22 [main] DEBUG org.hibernate.SQL - 
    create table team_members (
        team_id bigint not null,
        user_id bigint not null,
        primary key (team_id, user_id)
    )
2025-09-25 10:18:22 [main] DEBUG org.hibernate.SQL - 
    create table teams (
        created_at timestamp(6),
        id bigint generated by default as identity,
        team_lead_id bigint,
        updated_at timestamp(6),
        name varchar(100) unique,
        description varchar(500),
        primary key (id)
    )
2025-09-25 10:18:22 [main] DEBUG org.hibernate.SQL - 
    create table users (
        is_account_non_expired boolean,
        is_account_non_locked boolean,
        is_credentials_non_expired boolean,
        is_enabled boolean,
        created_at timestamp(6),
        id bigint generated by default as identity,
        last_login timestamp(6),
        manager_id bigint,
        updated_at timestamp(6),
        github_username varchar(50),
        jira_username varchar(50),
        slack_user_id varchar(50),
        confluence_username varchar(100),
        first_name varchar(100),
        google_email varchar(100),
        last_name varchar(100),
        microsoft_email varchar(100),
        username varchar(100) unique,
        email varchar(150) unique,
        password varchar(255),
        role varchar(255) check (role in ('ENGINEER','MANAGER','LEADER','ADMIN')),
        primary key (id)
    )
2025-09-25 10:18:22 [main] DEBUG org.hibernate.SQL - 
    create table work_summaries (
        collaboration_score integer,
        productivity_score integer,
        summary_date date not null,
        created_at timestamp(6),
        id bigint generated by default as identity,
        updated_at timestamp(6),
        user_id bigint not null,
        ai_generated_summary TEXT,
        confluence_docs TEXT,
        customer_issues_resolved TEXT,
        github_commits TEXT,
        github_prs TEXT,
        github_reviews TEXT,
        jira_tickets TEXT,
        key_achievements TEXT,
        meetings_attended TEXT,
        slack_messages TEXT,
        summary_type varchar(255) check (summary_type in ('DAILY','WEEKLY','MONTHLY','YEARLY')),
        primary key (id)
    )
2025-09-25 10:18:22 [main] DEBUG org.hibernate.SQL - 
    alter table if exists meeting_participants 
       add constraint FK47sc15ag6030wipkxxj0a1t8o 
       foreign key (user_id) 
       references users
2025-09-25 10:18:22 [main] DEBUG org.hibernate.SQL - 
    alter table if exists meeting_participants 
       add constraint FKtdmwtiqsta6348dwur2sgaesi 
       foreign key (meeting_id) 
       references meeting_minutes
2025-09-25 10:18:22 [main] DEBUG org.hibernate.SQL - 
    alter table if exists report_schedules 
       add constraint FKe6sw809i73cve3ccp9tdse7vv 
       foreign key (user_id) 
       references users
2025-09-25 10:18:22 [main] DEBUG org.hibernate.SQL - 
    alter table if exists team_members 
       add constraint FKee8x7x5026imwmma9kndkxs36 
       foreign key (user_id) 
       references users
2025-09-25 10:18:22 [main] DEBUG org.hibernate.SQL - 
    alter table if exists team_members 
       add constraint FKtgca08el3ofisywcf11f0f76t 
       foreign key (team_id) 
       references teams
2025-09-25 10:18:22 [main] DEBUG org.hibernate.SQL - 
    alter table if exists teams 
       add constraint FK5pchfrqsfy4stdxcjbw3kdbh7 
       foreign key (team_lead_id) 
       references users
2025-09-25 10:18:22 [main] DEBUG org.hibernate.SQL - 
    alter table if exists users 
       add constraint FK5p1ci5btqfwvtaqx5n2wxi182 
       foreign key (manager_id) 
       references users
2025-09-25 10:18:22 [main] DEBUG org.hibernate.SQL - 
    alter table if exists work_summaries 
       add constraint FKt5gafn3bco4ungvrhosk1rplc 
       foreign key (user_id) 
       references users
2025-09-25 10:18:22 [main] INFO  o.s.o.j.LocalContainerEntityManagerFactoryBean - Initialized JPA EntityManagerFactory for persistence unit 'default'
2025-09-25 10:18:23 [main] INFO  o.s.d.j.r.query.QueryEnhancerFactory - Hibernate is in classpath; If applicable, HQL parser will be used.
2025-09-25 10:18:23 [main] DEBUG c.e.b.security.JwtRequestFilter - Filter 'jwtRequestFilter' configured for use
2025-09-25 10:18:23 [main] WARN  o.s.b.a.o.j.JpaBaseConfiguration$JpaWebConfiguration - spring.jpa.open-in-view is enabled by default. Therefore, database queries may be performed during view rendering. Explicitly configure spring.jpa.open-in-view to disable this warning
2025-09-25 10:18:24 [main] INFO  o.s.s.web.DefaultSecurityFilterChain - Will secure any request with [org.springframework.security.web.session.DisableEncodeUrlFilter@5b6b14a6, org.springframework.security.web.context.request.async.WebAsyncManagerIntegrationFilter@367e6aa4, org.springframework.security.web.context.SecurityContextHolderFilter@45cee4d2, org.springframework.security.web.header.HeaderWriterFilter@46262fc3, org.springframework.web.filter.CorsFilter@6e858790, org.springframework.security.web.authentication.logout.LogoutFilter@55cb0354, com.engineerplatform.backend.security.JwtRequestFilter@5c44bce3, org.springframework.security.web.savedrequest.RequestCacheAwareFilter@e7283dd, org.springframework.security.web.servletapi.SecurityContextHolderAwareRequestFilter@3aecbab2, org.springframework.security.web.authentication.AnonymousAuthenticationFilter@621104df, org.springframework.security.web.session.SessionManagementFilter@cf825e8, org.springframework.security.web.access.ExceptionTranslationFilter@32c3102, org.springframework.security.web.access.intercept.AuthorizationFilter@75931d62]
2025-09-25 10:18:24 [main] INFO  o.s.b.a.e.web.EndpointLinksResolver - Exposing 3 endpoint(s) beneath base path '/actuator'
2025-09-25 10:18:24 [main] INFO  o.s.b.w.e.tomcat.TomcatWebServer - Tomcat started on port(s): 8080 (http) with context path '/api'
2025-09-25 10:18:24 [main] INFO  c.e.b.EngineerWorkPlatformApplication - Started EngineerWorkPlatformApplication in 4.624 seconds (process running for 4.855)
2025-09-25 10:19:31 [http-nio-8080-exec-1] INFO  o.a.c.c.C.[.[localhost].[/api] - Initializing Spring DispatcherServlet 'dispatcherServlet'
2025-09-25 10:19:31 [http-nio-8080-exec-1] INFO  o.s.web.servlet.DispatcherServlet - Initializing Servlet 'dispatcherServlet'
2025-09-25 10:19:31 [http-nio-8080-exec-1] INFO  o.s.web.servlet.DispatcherServlet - Completed initialization in 1 ms
2025-09-25 10:19:31 [http-nio-8080-exec-1] DEBUG o.s.security.web.FilterChainProxy - Securing GET /actuator/health
2025-09-25 10:19:31 [http-nio-8080-exec-1] DEBUG c.e.b.security.JwtRequestFilter - JWT Token does not begin with Bearer String
2025-09-25 10:19:31 [http-nio-8080-exec-1] DEBUG o.s.s.w.a.AnonymousAuthenticationFilter - Set SecurityContextHolder to anonymous SecurityContext
2025-09-25 10:19:31 [http-nio-8080-exec-1] DEBUG o.s.security.web.FilterChainProxy - Secured GET /actuator/health
2025-09-25 10:20:07 [http-nio-8080-exec-2] DEBUG o.s.security.web.FilterChainProxy - Securing GET /actuator/health
2025-09-25 10:20:07 [http-nio-8080-exec-2] DEBUG c.e.b.security.JwtRequestFilter - JWT Token does not begin with Bearer String
2025-09-25 10:20:07 [http-nio-8080-exec-2] DEBUG o.s.s.w.a.AnonymousAuthenticationFilter - Set SecurityContextHolder to anonymous SecurityContext
2025-09-25 10:20:07 [http-nio-8080-exec-2] DEBUG o.s.security.web.FilterChainProxy - Secured GET /actuator/health
2025-09-25 10:21:41 [http-nio-8080-exec-1] WARN  o.s.b.a.mail.MailHealthIndicator - Mail health check failed
com.sun.mail.util.MailConnectException: Couldn't connect to host, port: smtp.gmail.com, 587; timeout -1
	at com.sun.mail.smtp.SMTPTransport.openServer(SMTPTransport.java:2259)
	at com.sun.mail.smtp.SMTPTransport.protocolConnect(SMTPTransport.java:754)
	at jakarta.mail.Service.connect(Service.java:342)
	at org.springframework.mail.javamail.JavaMailSenderImpl.connectTransport(JavaMailSenderImpl.java:518)
	at org.springframework.mail.javamail.JavaMailSenderImpl.testConnection(JavaMailSenderImpl.java:398)
	at org.springframework.boot.actuate.mail.MailHealthIndicator.doHealthCheck(MailHealthIndicator.java:44)
	at org.springframework.boot.actuate.health.AbstractHealthIndicator.health(AbstractHealthIndicator.java:82)
	at org.springframework.boot.actuate.health.HealthIndicator.getHealth(HealthIndicator.java:37)
	at org.springframework.boot.actuate.health.HealthEndpointWebExtension.getHealth(HealthEndpointWebExtension.java:94)
	at org.springframework.boot.actuate.health.HealthEndpointWebExtension.getHealth(HealthEndpointWebExtension.java:47)
	at org.springframework.boot.actuate.health.HealthEndpointSupport.getLoggedHealth(HealthEndpointSupport.java:172)
	at org.springframework.boot.actuate.health.HealthEndpointSupport.getContribution(HealthEndpointSupport.java:145)
	at org.springframework.boot.actuate.health.HealthEndpointSupport.getAggregateContribution(HealthEndpointSupport.java:156)
	at org.springframework.boot.actuate.health.HealthEndpointSupport.getContribution(HealthEndpointSupport.java:141)
	at org.springframework.boot.actuate.health.HealthEndpointSupport.getHealth(HealthEndpointSupport.java:110)
	at org.springframework.boot.actuate.health.HealthEndpointSupport.getHealth(HealthEndpointSupport.java:81)
	at org.springframework.boot.actuate.health.HealthEndpointWebExtension.health(HealthEndpointWebExtension.java:80)
	at org.springframework.boot.actuate.health.HealthEndpointWebExtension.health(HealthEndpointWebExtension.java:69)
	at java.base/jdk.internal.reflect.NativeMethodAccessorImpl.invoke0(Native Method)
	at java.base/jdk.internal.reflect.NativeMethodAccessorImpl.invoke(NativeMethodAccessorImpl.java:77)
	at java.base/jdk.internal.reflect.DelegatingMethodAccessorImpl.invoke(DelegatingMethodAccessorImpl.java:43)
	at java.base/java.lang.reflect.Method.invoke(Method.java:569)
	at org.springframework.util.ReflectionUtils.invokeMethod(ReflectionUtils.java:281)
	at org.springframework.boot.actuate.endpoint.invoke.reflect.ReflectiveOperationInvoker.invoke(ReflectiveOperationInvoker.java:74)
	at org.springframework.boot.actuate.endpoint.annotation.AbstractDiscoveredOperation.invoke(AbstractDiscoveredOperation.java:60)
	at org.springframework.boot.actuate.endpoint.web.servlet.AbstractWebMvcEndpointHandlerMapping$ServletWebOperationAdapter.handle(AbstractWebMvcEndpointHandlerMapping.java:321)
	at org.springframework.boot.actuate.endpoint.web.servlet.AbstractWebMvcEndpointHandlerMapping$OperationHandler.handle(AbstractWebMvcEndpointHandlerMapping.java:428)
	at java.base/jdk.internal.reflect.NativeMethodAccessorImpl.invoke0(Native Method)
	at java.base/jdk.internal.reflect.NativeMethodAccessorImpl.invoke(NativeMethodAccessorImpl.java:77)
	at java.base/jdk.internal.reflect.DelegatingMethodAccessorImpl.invoke(DelegatingMethodAccessorImpl.java:43)
	at java.base/java.lang.reflect.Method.invoke(Method.java:569)
	at org.springframework.web.method.support.InvocableHandlerMethod.doInvoke(InvocableHandlerMethod.java:205)
	at org.springframework.web.method.support.InvocableHandlerMethod.invokeForRequest(InvocableHandlerMethod.java:150)
	at org.springframework.web.servlet.mvc.method.annotation.ServletInvocableHandlerMethod.invokeAndHandle(ServletInvocableHandlerMethod.java:118)
	at org.springframework.web.servlet.mvc.method.annotation.RequestMappingHandlerAdapter.invokeHandlerMethod(RequestMappingHandlerAdapter.java:884)
	at org.springframework.web.servlet.mvc.method.annotation.RequestMappingHandlerAdapter.handleInternal(RequestMappingHandlerAdapter.java:797)
	at org.springframework.web.servlet.mvc.method.AbstractHandlerMethodAdapter.handle(AbstractHandlerMethodAdapter.java:87)
	at org.springframework.web.servlet.DispatcherServlet.doDispatch(DispatcherServlet.java:1081)
	at org.springframework.web.servlet.DispatcherServlet.doService(DispatcherServlet.java:974)
	at org.springframework.web.servlet.FrameworkServlet.processRequest(FrameworkServlet.java:1011)
	at org.springframework.web.servlet.FrameworkServlet.doGet(FrameworkServlet.java:903)
	at jakarta.servlet.http.HttpServlet.service(HttpServlet.java:564)
	at org.springframework.web.servlet.FrameworkServlet.service(FrameworkServlet.java:885)
	at jakarta.servlet.http.HttpServlet.service(HttpServlet.java:658)
	at org.apache.catalina.core.ApplicationFilterChain.internalDoFilter(ApplicationFilterChain.java:205)
	at org.apache.catalina.core.ApplicationFilterChain.doFilter(ApplicationFilterChain.java:149)
	at org.apache.tomcat.websocket.server.WsFilter.doFilter(WsFilter.java:51)
	at org.apache.catalina.core.ApplicationFilterChain.internalDoFilter(ApplicationFilterChain.java:174)
	at org.apache.catalina.core.ApplicationFilterChain.doFilter(ApplicationFilterChain.java:149)
	at org.springframework.web.filter.OncePerRequestFilter.doFilter(OncePerRequestFilter.java:110)
	at org.apache.catalina.core.ApplicationFilterChain.internalDoFilter(ApplicationFilterChain.java:174)
	at org.apache.catalina.core.ApplicationFilterChain.doFilter(ApplicationFilterChain.java:149)
	at org.springframework.security.web.FilterChainProxy.lambda$doFilterInternal$3(FilterChainProxy.java:231)
	at org.springframework.security.web.ObservationFilterChainDecorator$FilterObservation$SimpleFilterObservation.lambda$wrap$1(ObservationFilterChainDecorator.java:479)
	at org.springframework.security.web.ObservationFilterChainDecorator$AroundFilterObservation$SimpleAroundFilterObservation.lambda$wrap$1(ObservationFilterChainDecorator.java:340)
	at org.springframework.security.web.ObservationFilterChainDecorator.lambda$wrapSecured$0(ObservationFilterChainDecorator.java:82)
	at org.springframework.security.web.ObservationFilterChainDecorator$VirtualFilterChain.doFilter(ObservationFilterChainDecorator.java:128)
	at org.springframework.security.web.access.intercept.AuthorizationFilter.doFilter(AuthorizationFilter.java:100)
	at org.springframework.security.web.ObservationFilterChainDecorator$ObservationFilter.wrapFilter(ObservationFilterChainDecorator.java:240)
	at org.springframework.security.web.ObservationFilterChainDecorator$ObservationFilter.doFilter(ObservationFilterChainDecorator.java:227)
	at org.springframework.security.web.ObservationFilterChainDecorator$VirtualFilterChain.doFilter(ObservationFilterChainDecorator.java:137)
	at org.springframework.security.web.access.ExceptionTranslationFilter.doFilter(ExceptionTranslationFilter.java:126)
	at org.springframework.security.web.access.ExceptionTranslationFilter.doFilter(ExceptionTranslationFilter.java:120)
	at org.springframework.security.web.ObservationFilterChainDecorator$ObservationFilter.wrapFilter(ObservationFilterChainDecorator.java:240)
	at org.springframework.security.web.ObservationFilterChainDecorator$ObservationFilter.doFilter(ObservationFilterChainDecorator.java:227)
	at org.springframework.security.web.ObservationFilterChainDecorator$VirtualFilterChain.doFilter(ObservationFilterChainDecorator.java:137)
	at org.springframework.security.web.session.SessionManagementFilter.doFilter(SessionManagementFilter.java:131)
	at org.springframework.security.web.session.SessionManagementFilter.doFilter(SessionManagementFilter.java:85)
	at org.springframework.security.web.ObservationFilterChainDecorator$ObservationFilter.wrapFilter(ObservationFilterChainDecorator.java:240)
	at org.springframework.security.web.ObservationFilterChainDecorator$ObservationFilter.doFilter(ObservationFilterChainDecorator.java:227)
	at org.springframework.security.web.ObservationFilterChainDecorator$VirtualFilterChain.doFilter(ObservationFilterChainDecorator.java:137)
	at org.springframework.security.web.authentication.AnonymousAuthenticationFilter.doFilter(AnonymousAuthenticationFilter.java:100)
	at org.springframework.security.web.ObservationFilterChainDecorator$ObservationFilter.wrapFilter(ObservationFilterChainDecorator.java:240)
	at org.springframework.security.web.ObservationFilterChainDecorator$ObservationFilter.doFilter(ObservationFilterChainDecorator.java:227)
	at org.springframework.security.web.ObservationFilterChainDecorator$VirtualFilterChain.doFilter(ObservationFilterChainDecorator.java:137)
	at org.springframework.security.web.servletapi.SecurityContextHolderAwareRequestFilter.doFilter(SecurityContextHolderAwareRequestFilter.java:179)
	at org.springframework.security.web.ObservationFilterChainDecorator$ObservationFilter.wrapFilter(ObservationFilterChainDecorator.java:240)
	at org.springframework.security.web.ObservationFilterChainDecorator$ObservationFilter.doFilter(ObservationFilterChainDecorator.java:227)
	at org.springframework.security.web.ObservationFilterChainDecorator$VirtualFilterChain.doFilter(ObservationFilterChainDecorator.java:137)
	at org.springframework.security.web.savedrequest.RequestCacheAwareFilter.doFilter(RequestCacheAwareFilter.java:63)
	at org.springframework.security.web.ObservationFilterChainDecorator$ObservationFilter.wrapFilter(ObservationFilterChainDecorator.java:240)
	at org.springframework.security.web.ObservationFilterChainDecorator$ObservationFilter.doFilter(ObservationFilterChainDecorator.java:227)
	at org.springframework.security.web.ObservationFilterChainDecorator$VirtualFilterChain.doFilter(ObservationFilterChainDecorator.java:137)
	at com.engineerplatform.backend.security.JwtRequestFilter.doFilterInternal(JwtRequestFilter.java:73)
	at org.springframework.web.filter.OncePerRequestFilter.doFilter(OncePerRequestFilter.java:116)
	at org.springframework.security.web.ObservationFilterChainDecorator$ObservationFilter.wrapFilter(ObservationFilterChainDecorator.java:240)
	at org.springframework.security.web.ObservationFilterChainDecorator$ObservationFilter.doFilter(ObservationFilterChainDecorator.java:227)
	at org.springframework.security.web.ObservationFilterChainDecorator$VirtualFilterChain.doFilter(ObservationFilterChainDecorator.java:137)
	at org.springframework.security.web.authentication.logout.LogoutFilter.doFilter(LogoutFilter.java:107)
	at org.springframework.security.web.authentication.logout.LogoutFilter.doFilter(LogoutFilter.java:93)
	at org.springframework.security.web.ObservationFilterChainDecorator$ObservationFilter.wrapFilter(ObservationFilterChainDecorator.java:240)
	at org.springframework.security.web.ObservationFilterChainDecorator$ObservationFilter.doFilter(ObservationFilterChainDecorator.java:227)
	at org.springframework.security.web.ObservationFilterChainDecorator$VirtualFilterChain.doFilter(ObservationFilterChainDecorator.java:137)
	at org.springframework.web.filter.CorsFilter.doFilterInternal(CorsFilter.java:91)
	at org.springframework.web.filter.OncePerRequestFilter.doFilter(OncePerRequestFilter.java:116)
	at org.springframework.security.web.ObservationFilterChainDecorator$ObservationFilter.wrapFilter(ObservationFilterChainDecorator.java:240)
	at org.springframework.security.web.ObservationFilterChainDecorator$ObservationFilter.doFilter(ObservationFilterChainDecorator.java:227)
	at org.springframework.security.web.ObservationFilterChainDecorator$VirtualFilterChain.doFilter(ObservationFilterChainDecorator.java:137)
	at org.springframework.security.web.header.HeaderWriterFilter.doHeadersAfter(HeaderWriterFilter.java:90)
	at org.springframework.security.web.header.HeaderWriterFilter.doFilterInternal(HeaderWriterFilter.java:75)
	at org.springframework.web.filter.OncePerRequestFilter.doFilter(OncePerRequestFilter.java:116)
	at org.springframework.security.web.ObservationFilterChainDecorator$ObservationFilter.wrapFilter(ObservationFilterChainDecorator.java:240)
	at org.springframework.security.web.ObservationFilterChainDecorator$ObservationFilter.doFilter(ObservationFilterChainDecorator.java:227)
	at org.springframework.security.web.ObservationFilterChainDecorator$VirtualFilterChain.doFilter(ObservationFilterChainDecorator.java:137)
	at org.springframework.security.web.context.SecurityContextHolderFilter.doFilter(SecurityContextHolderFilter.java:82)
	at org.springframework.security.web.context.SecurityContextHolderFilter.doFilter(SecurityContextHolderFilter.java:69)
	at org.springframework.security.web.ObservationFilterChainDecorator$ObservationFilter.wrapFilter(ObservationFilterChainDecorator.java:240)
	at org.springframework.security.web.ObservationFilterChainDecorator$ObservationFilter.doFilter(ObservationFilterChainDecorator.java:227)
	at org.springframework.security.web.ObservationFilterChainDecorator$VirtualFilterChain.doFilter(ObservationFilterChainDecorator.java:137)
	at org.springframework.security.web.context.request.async.WebAsyncManagerIntegrationFilter.doFilterInternal(WebAsyncManagerIntegrationFilter.java:62)
	at org.springframework.web.filter.OncePerRequestFilter.doFilter(OncePerRequestFilter.java:116)
	at org.springframework.security.web.ObservationFilterChainDecorator$ObservationFilter.wrapFilter(ObservationFilterChainDecorator.java:240)
	at org.springframework.security.web.ObservationFilterChainDecorator$ObservationFilter.doFilter(ObservationFilterChainDecorator.java:227)
	at org.springframework.security.web.ObservationFilterChainDecorator$VirtualFilterChain.doFilter(ObservationFilterChainDecorator.java:137)
	at org.springframework.security.web.session.DisableEncodeUrlFilter.doFilterInternal(DisableEncodeUrlFilter.java:42)
	at org.springframework.web.filter.OncePerRequestFilter.doFilter(OncePerRequestFilter.java:116)
	at org.springframework.security.web.ObservationFilterChainDecorator$ObservationFilter.wrapFilter(ObservationFilterChainDecorator.java:240)
	at org.springframework.security.web.ObservationFilterChainDecorator$AroundFilterObservation$SimpleAroundFilterObservation.lambda$wrap$0(ObservationFilterChainDecorator.java:323)
	at org.springframework.security.web.ObservationFilterChainDecorator$ObservationFilter.doFilter(ObservationFilterChainDecorator.java:224)
	at org.springframework.security.web.ObservationFilterChainDecorator$VirtualFilterChain.doFilter(ObservationFilterChainDecorator.java:137)
	at org.springframework.security.web.FilterChainProxy.doFilterInternal(FilterChainProxy.java:233)
	at org.springframework.security.web.FilterChainProxy.doFilter(FilterChainProxy.java:191)
	at org.springframework.web.filter.DelegatingFilterProxy.invokeDelegate(DelegatingFilterProxy.java:352)
	at org.springframework.web.filter.DelegatingFilterProxy.doFilter(DelegatingFilterProxy.java:268)
	at org.apache.catalina.core.ApplicationFilterChain.internalDoFilter(ApplicationFilterChain.java:174)
	at org.apache.catalina.core.ApplicationFilterChain.doFilter(ApplicationFilterChain.java:149)
	at org.springframework.web.filter.RequestContextFilter.doFilterInternal(RequestContextFilter.java:100)
	at org.springframework.web.filter.OncePerRequestFilter.doFilter(OncePerRequestFilter.java:116)
	at org.apache.catalina.core.ApplicationFilterChain.internalDoFilter(ApplicationFilterChain.java:174)
	at org.apache.catalina.core.ApplicationFilterChain.doFilter(ApplicationFilterChain.java:149)
	at org.springframework.web.filter.FormContentFilter.doFilterInternal(FormContentFilter.java:93)
	at org.springframework.web.filter.OncePerRequestFilter.doFilter(OncePerRequestFilter.java:116)
	at org.apache.catalina.core.ApplicationFilterChain.internalDoFilter(ApplicationFilterChain.java:174)
	at org.apache.catalina.core.ApplicationFilterChain.doFilter(ApplicationFilterChain.java:149)
	at org.springframework.web.filter.ServerHttpObservationFilter.doFilterInternal(ServerHttpObservationFilter.java:109)
	at org.springframework.web.filter.OncePerRequestFilter.doFilter(OncePerRequestFilter.java:116)
	at org.apache.catalina.core.ApplicationFilterChain.internalDoFilter(ApplicationFilterChain.java:174)
	at org.apache.catalina.core.ApplicationFilterChain.doFilter(ApplicationFilterChain.java:149)
	at org.springframework.web.filter.CharacterEncodingFilter.doFilterInternal(CharacterEncodingFilter.java:201)
	at org.springframework.web.filter.OncePerRequestFilter.doFilter(OncePerRequestFilter.java:116)
	at org.apache.catalina.core.ApplicationFilterChain.internalDoFilter(ApplicationFilterChain.java:174)
	at org.apache.catalina.core.ApplicationFilterChain.doFilter(ApplicationFilterChain.java:149)
	at org.apache.catalina.core.StandardWrapperValve.invoke(StandardWrapperValve.java:167)
	at org.apache.catalina.core.StandardContextValve.invoke(StandardContextValve.java:90)
	at org.apache.catalina.authenticator.AuthenticatorBase.invoke(AuthenticatorBase.java:482)
	at org.apache.catalina.core.StandardHostValve.invoke(StandardHostValve.java:115)
	at org.apache.catalina.valves.ErrorReportValve.invoke(ErrorReportValve.java:93)
	at org.apache.catalina.core.StandardEngineValve.invoke(StandardEngineValve.java:74)
	at org.apache.catalina.connector.CoyoteAdapter.service(CoyoteAdapter.java:340)
	at org.apache.coyote.http11.Http11Processor.service(Http11Processor.java:391)
	at org.apache.coyote.AbstractProcessorLight.process(AbstractProcessorLight.java:63)
	at org.apache.coyote.AbstractProtocol$ConnectionHandler.process(AbstractProtocol.java:896)
	at org.apache.tomcat.util.net.NioEndpoint$SocketProcessor.doRun(NioEndpoint.java:1744)
	at org.apache.tomcat.util.net.SocketProcessorBase.run(SocketProcessorBase.java:52)
	at org.apache.tomcat.util.threads.ThreadPoolExecutor.runWorker(ThreadPoolExecutor.java:1191)
	at org.apache.tomcat.util.threads.ThreadPoolExecutor$Worker.run(ThreadPoolExecutor.java:659)
	at org.apache.tomcat.util.threads.TaskThread$WrappingRunnable.run(TaskThread.java:61)
	at java.base/java.lang.Thread.run(Thread.java:840)
Caused by: java.net.ConnectException: Connection timed out
	at java.base/sun.nio.ch.Net.connect0(Native Method)
	at java.base/sun.nio.ch.Net.connect(Net.java:579)
	at java.base/sun.nio.ch.Net.connect(Net.java:568)
	at java.base/sun.nio.ch.NioSocketImpl.connect(NioSocketImpl.java:593)
	at java.base/java.net.SocksSocketImpl.connect(SocksSocketImpl.java:327)
	at java.base/java.net.Socket.connect(Socket.java:633)
	at java.base/java.net.Socket.connect(Socket.java:583)
	at com.sun.mail.util.SocketFetcher.createSocket(SocketFetcher.java:361)
	at com.sun.mail.util.SocketFetcher.getSocket(SocketFetcher.java:236)
	at com.sun.mail.smtp.SMTPTransport.openServer(SMTPTransport.java:2209)
	... 157 common frames omitted
2025-09-25 10:21:41 [http-nio-8080-exec-1] WARN  o.s.b.a.health.HealthEndpointSupport - Health contributor org.springframework.boot.actuate.mail.MailHealthIndicator (mail) took 130419ms to respond
2025-09-25 10:22:16 [http-nio-8080-exec-3] DEBUG o.s.security.web.FilterChainProxy - Securing GET /actuator
2025-09-25 10:22:16 [http-nio-8080-exec-3] DEBUG c.e.b.security.JwtRequestFilter - JWT Token does not begin with Bearer String
2025-09-25 10:22:16 [http-nio-8080-exec-3] DEBUG o.s.s.w.a.AnonymousAuthenticationFilter - Set SecurityContextHolder to anonymous SecurityContext
2025-09-25 10:22:16 [http-nio-8080-exec-3] DEBUG o.s.security.web.FilterChainProxy - Secured GET /actuator
2025-09-25 10:22:16 [http-nio-8080-exec-2] WARN  o.s.b.a.mail.MailHealthIndicator - Mail health check failed
com.sun.mail.util.MailConnectException: Couldn't connect to host, port: smtp.gmail.com, 587; timeout -1
	at com.sun.mail.smtp.SMTPTransport.openServer(SMTPTransport.java:2259)
	at com.sun.mail.smtp.SMTPTransport.protocolConnect(SMTPTransport.java:754)
	at jakarta.mail.Service.connect(Service.java:342)
	at org.springframework.mail.javamail.JavaMailSenderImpl.connectTransport(JavaMailSenderImpl.java:518)
	at org.springframework.mail.javamail.JavaMailSenderImpl.testConnection(JavaMailSenderImpl.java:398)
	at org.springframework.boot.actuate.mail.MailHealthIndicator.doHealthCheck(MailHealthIndicator.java:44)
	at org.springframework.boot.actuate.health.AbstractHealthIndicator.health(AbstractHealthIndicator.java:82)
	at org.springframework.boot.actuate.health.HealthIndicator.getHealth(HealthIndicator.java:37)
	at org.springframework.boot.actuate.health.HealthEndpointWebExtension.getHealth(HealthEndpointWebExtension.java:94)
	at org.springframework.boot.actuate.health.HealthEndpointWebExtension.getHealth(HealthEndpointWebExtension.java:47)
	at org.springframework.boot.actuate.health.HealthEndpointSupport.getLoggedHealth(HealthEndpointSupport.java:172)
	at org.springframework.boot.actuate.health.HealthEndpointSupport.getContribution(HealthEndpointSupport.java:145)
	at org.springframework.boot.actuate.health.HealthEndpointSupport.getAggregateContribution(HealthEndpointSupport.java:156)
	at org.springframework.boot.actuate.health.HealthEndpointSupport.getContribution(HealthEndpointSupport.java:141)
	at org.springframework.boot.actuate.health.HealthEndpointSupport.getHealth(HealthEndpointSupport.java:110)
	at org.springframework.boot.actuate.health.HealthEndpointSupport.getHealth(HealthEndpointSupport.java:81)
	at org.springframework.boot.actuate.health.HealthEndpointWebExtension.health(HealthEndpointWebExtension.java:80)
	at org.springframework.boot.actuate.health.HealthEndpointWebExtension.health(HealthEndpointWebExtension.java:69)
	at java.base/jdk.internal.reflect.NativeMethodAccessorImpl.invoke0(Native Method)
	at java.base/jdk.internal.reflect.NativeMethodAccessorImpl.invoke(NativeMethodAccessorImpl.java:77)
	at java.base/jdk.internal.reflect.DelegatingMethodAccessorImpl.invoke(DelegatingMethodAccessorImpl.java:43)
	at java.base/java.lang.reflect.Method.invoke(Method.java:569)
	at org.springframework.util.ReflectionUtils.invokeMethod(ReflectionUtils.java:281)
	at org.springframework.boot.actuate.endpoint.invoke.reflect.ReflectiveOperationInvoker.invoke(ReflectiveOperationInvoker.java:74)
	at org.springframework.boot.actuate.endpoint.annotation.AbstractDiscoveredOperation.invoke(AbstractDiscoveredOperation.java:60)
	at org.springframework.boot.actuate.endpoint.web.servlet.AbstractWebMvcEndpointHandlerMapping$ServletWebOperationAdapter.handle(AbstractWebMvcEndpointHandlerMapping.java:321)
	at org.springframework.boot.actuate.endpoint.web.servlet.AbstractWebMvcEndpointHandlerMapping$OperationHandler.handle(AbstractWebMvcEndpointHandlerMapping.java:428)
	at java.base/jdk.internal.reflect.NativeMethodAccessorImpl.invoke0(Native Method)
	at java.base/jdk.internal.reflect.NativeMethodAccessorImpl.invoke(NativeMethodAccessorImpl.java:77)
	at java.base/jdk.internal.reflect.DelegatingMethodAccessorImpl.invoke(DelegatingMethodAccessorImpl.java:43)
	at java.base/java.lang.reflect.Method.invoke(Method.java:569)
	at org.springframework.web.method.support.InvocableHandlerMethod.doInvoke(InvocableHandlerMethod.java:205)
	at org.springframework.web.method.support.InvocableHandlerMethod.invokeForRequest(InvocableHandlerMethod.java:150)
	at org.springframework.web.servlet.mvc.method.annotation.ServletInvocableHandlerMethod.invokeAndHandle(ServletInvocableHandlerMethod.java:118)
	at org.springframework.web.servlet.mvc.method.annotation.RequestMappingHandlerAdapter.invokeHandlerMethod(RequestMappingHandlerAdapter.java:884)
	at org.springframework.web.servlet.mvc.method.annotation.RequestMappingHandlerAdapter.handleInternal(RequestMappingHandlerAdapter.java:797)
	at org.springframework.web.servlet.mvc.method.AbstractHandlerMethodAdapter.handle(AbstractHandlerMethodAdapter.java:87)
	at org.springframework.web.servlet.DispatcherServlet.doDispatch(DispatcherServlet.java:1081)
	at org.springframework.web.servlet.DispatcherServlet.doService(DispatcherServlet.java:974)
	at org.springframework.web.servlet.FrameworkServlet.processRequest(FrameworkServlet.java:1011)
	at org.springframework.web.servlet.FrameworkServlet.doGet(FrameworkServlet.java:903)
	at jakarta.servlet.http.HttpServlet.service(HttpServlet.java:564)
	at org.springframework.web.servlet.FrameworkServlet.service(FrameworkServlet.java:885)
	at jakarta.servlet.http.HttpServlet.service(HttpServlet.java:658)
	at org.apache.catalina.core.ApplicationFilterChain.internalDoFilter(ApplicationFilterChain.java:205)
	at org.apache.catalina.core.ApplicationFilterChain.doFilter(ApplicationFilterChain.java:149)
	at org.apache.tomcat.websocket.server.WsFilter.doFilter(WsFilter.java:51)
	at org.apache.catalina.core.ApplicationFilterChain.internalDoFilter(ApplicationFilterChain.java:174)
	at org.apache.catalina.core.ApplicationFilterChain.doFilter(ApplicationFilterChain.java:149)
	at org.springframework.web.filter.OncePerRequestFilter.doFilter(OncePerRequestFilter.java:110)
	at org.apache.catalina.core.ApplicationFilterChain.internalDoFilter(ApplicationFilterChain.java:174)
	at org.apache.catalina.core.ApplicationFilterChain.doFilter(ApplicationFilterChain.java:149)
	at org.springframework.security.web.FilterChainProxy.lambda$doFilterInternal$3(FilterChainProxy.java:231)
	at org.springframework.security.web.ObservationFilterChainDecorator$FilterObservation$SimpleFilterObservation.lambda$wrap$1(ObservationFilterChainDecorator.java:479)
	at org.springframework.security.web.ObservationFilterChainDecorator$AroundFilterObservation$SimpleAroundFilterObservation.lambda$wrap$1(ObservationFilterChainDecorator.java:340)
	at org.springframework.security.web.ObservationFilterChainDecorator.lambda$wrapSecured$0(ObservationFilterChainDecorator.java:82)
	at org.springframework.security.web.ObservationFilterChainDecorator$VirtualFilterChain.doFilter(ObservationFilterChainDecorator.java:128)
	at org.springframework.security.web.access.intercept.AuthorizationFilter.doFilter(AuthorizationFilter.java:100)
	at org.springframework.security.web.ObservationFilterChainDecorator$ObservationFilter.wrapFilter(ObservationFilterChainDecorator.java:240)
	at org.springframework.security.web.ObservationFilterChainDecorator$ObservationFilter.doFilter(ObservationFilterChainDecorator.java:227)
	at org.springframework.security.web.ObservationFilterChainDecorator$VirtualFilterChain.doFilter(ObservationFilterChainDecorator.java:137)
	at org.springframework.security.web.access.ExceptionTranslationFilter.doFilter(ExceptionTranslationFilter.java:126)
	at org.springframework.security.web.access.ExceptionTranslationFilter.doFilter(ExceptionTranslationFilter.java:120)
	at org.springframework.security.web.ObservationFilterChainDecorator$ObservationFilter.wrapFilter(ObservationFilterChainDecorator.java:240)
	at org.springframework.security.web.ObservationFilterChainDecorator$ObservationFilter.doFilter(ObservationFilterChainDecorator.java:227)
	at org.springframework.security.web.ObservationFilterChainDecorator$VirtualFilterChain.doFilter(ObservationFilterChainDecorator.java:137)
	at org.springframework.security.web.session.SessionManagementFilter.doFilter(SessionManagementFilter.java:131)
	at org.springframework.security.web.session.SessionManagementFilter.doFilter(SessionManagementFilter.java:85)
	at org.springframework.security.web.ObservationFilterChainDecorator$ObservationFilter.wrapFilter(ObservationFilterChainDecorator.java:240)
	at org.springframework.security.web.ObservationFilterChainDecorator$ObservationFilter.doFilter(ObservationFilterChainDecorator.java:227)
	at org.springframework.security.web.ObservationFilterChainDecorator$VirtualFilterChain.doFilter(ObservationFilterChainDecorator.java:137)
	at org.springframework.security.web.authentication.AnonymousAuthenticationFilter.doFilter(AnonymousAuthenticationFilter.java:100)
	at org.springframework.security.web.ObservationFilterChainDecorator$ObservationFilter.wrapFilter(ObservationFilterChainDecorator.java:240)
	at org.springframework.security.web.ObservationFilterChainDecorator$ObservationFilter.doFilter(ObservationFilterChainDecorator.java:227)
	at org.springframework.security.web.ObservationFilterChainDecorator$VirtualFilterChain.doFilter(ObservationFilterChainDecorator.java:137)
	at org.springframework.security.web.servletapi.SecurityContextHolderAwareRequestFilter.doFilter(SecurityContextHolderAwareRequestFilter.java:179)
	at org.springframework.security.web.ObservationFilterChainDecorator$ObservationFilter.wrapFilter(ObservationFilterChainDecorator.java:240)
	at org.springframework.security.web.ObservationFilterChainDecorator$ObservationFilter.doFilter(ObservationFilterChainDecorator.java:227)
	at org.springframework.security.web.ObservationFilterChainDecorator$VirtualFilterChain.doFilter(ObservationFilterChainDecorator.java:137)
	at org.springframework.security.web.savedrequest.RequestCacheAwareFilter.doFilter(RequestCacheAwareFilter.java:63)
	at org.springframework.security.web.ObservationFilterChainDecorator$ObservationFilter.wrapFilter(ObservationFilterChainDecorator.java:240)
	at org.springframework.security.web.ObservationFilterChainDecorator$ObservationFilter.doFilter(ObservationFilterChainDecorator.java:227)
	at org.springframework.security.web.ObservationFilterChainDecorator$VirtualFilterChain.doFilter(ObservationFilterChainDecorator.java:137)
	at com.engineerplatform.backend.security.JwtRequestFilter.doFilterInternal(JwtRequestFilter.java:73)
	at org.springframework.web.filter.OncePerRequestFilter.doFilter(OncePerRequestFilter.java:116)
	at org.springframework.security.web.ObservationFilterChainDecorator$ObservationFilter.wrapFilter(ObservationFilterChainDecorator.java:240)
	at org.springframework.security.web.ObservationFilterChainDecorator$ObservationFilter.doFilter(ObservationFilterChainDecorator.java:227)
	at org.springframework.security.web.ObservationFilterChainDecorator$VirtualFilterChain.doFilter(ObservationFilterChainDecorator.java:137)
	at org.springframework.security.web.authentication.logout.LogoutFilter.doFilter(LogoutFilter.java:107)
	at org.springframework.security.web.authentication.logout.LogoutFilter.doFilter(LogoutFilter.java:93)
	at org.springframework.security.web.ObservationFilterChainDecorator$ObservationFilter.wrapFilter(ObservationFilterChainDecorator.java:240)
	at org.springframework.security.web.ObservationFilterChainDecorator$ObservationFilter.doFilter(ObservationFilterChainDecorator.java:227)
	at org.springframework.security.web.ObservationFilterChainDecorator$VirtualFilterChain.doFilter(ObservationFilterChainDecorator.java:137)
	at org.springframework.web.filter.CorsFilter.doFilterInternal(CorsFilter.java:91)
	at org.springframework.web.filter.OncePerRequestFilter.doFilter(OncePerRequestFilter.java:116)
	at org.springframework.security.web.ObservationFilterChainDecorator$ObservationFilter.wrapFilter(ObservationFilterChainDecorator.java:240)
	at org.springframework.security.web.ObservationFilterChainDecorator$ObservationFilter.doFilter(ObservationFilterChainDecorator.java:227)
	at org.springframework.security.web.ObservationFilterChainDecorator$VirtualFilterChain.doFilter(ObservationFilterChainDecorator.java:137)
	at org.springframework.security.web.header.HeaderWriterFilter.doHeadersAfter(HeaderWriterFilter.java:90)
	at org.springframework.security.web.header.HeaderWriterFilter.doFilterInternal(HeaderWriterFilter.java:75)
	at org.springframework.web.filter.OncePerRequestFilter.doFilter(OncePerRequestFilter.java:116)
	at org.springframework.security.web.ObservationFilterChainDecorator$ObservationFilter.wrapFilter(ObservationFilterChainDecorator.java:240)
	at org.springframework.security.web.ObservationFilterChainDecorator$ObservationFilter.doFilter(ObservationFilterChainDecorator.java:227)
	at org.springframework.security.web.ObservationFilterChainDecorator$VirtualFilterChain.doFilter(ObservationFilterChainDecorator.java:137)
	at org.springframework.security.web.context.SecurityContextHolderFilter.doFilter(SecurityContextHolderFilter.java:82)
	at org.springframework.security.web.context.SecurityContextHolderFilter.doFilter(SecurityContextHolderFilter.java:69)
	at org.springframework.security.web.ObservationFilterChainDecorator$ObservationFilter.wrapFilter(ObservationFilterChainDecorator.java:240)
	at org.springframework.security.web.ObservationFilterChainDecorator$ObservationFilter.doFilter(ObservationFilterChainDecorator.java:227)
	at org.springframework.security.web.ObservationFilterChainDecorator$VirtualFilterChain.doFilter(ObservationFilterChainDecorator.java:137)
	at org.springframework.security.web.context.request.async.WebAsyncManagerIntegrationFilter.doFilterInternal(WebAsyncManagerIntegrationFilter.java:62)
	at org.springframework.web.filter.OncePerRequestFilter.doFilter(OncePerRequestFilter.java:116)
	at org.springframework.security.web.ObservationFilterChainDecorator$ObservationFilter.wrapFilter(ObservationFilterChainDecorator.java:240)
	at org.springframework.security.web.ObservationFilterChainDecorator$ObservationFilter.doFilter(ObservationFilterChainDecorator.java:227)
	at org.springframework.security.web.ObservationFilterChainDecorator$VirtualFilterChain.doFilter(ObservationFilterChainDecorator.java:137)
	at org.springframework.security.web.session.DisableEncodeUrlFilter.doFilterInternal(DisableEncodeUrlFilter.java:42)
	at org.springframework.web.filter.OncePerRequestFilter.doFilter(OncePerRequestFilter.java:116)
	at org.springframework.security.web.ObservationFilterChainDecorator$ObservationFilter.wrapFilter(ObservationFilterChainDecorator.java:240)
	at org.springframework.security.web.ObservationFilterChainDecorator$AroundFilterObservation$SimpleAroundFilterObservation.lambda$wrap$0(ObservationFilterChainDecorator.java:323)
	at org.springframework.security.web.ObservationFilterChainDecorator$ObservationFilter.doFilter(ObservationFilterChainDecorator.java:224)
	at org.springframework.security.web.ObservationFilterChainDecorator$VirtualFilterChain.doFilter(ObservationFilterChainDecorator.java:137)
	at org.springframework.security.web.FilterChainProxy.doFilterInternal(FilterChainProxy.java:233)
	at org.springframework.security.web.FilterChainProxy.doFilter(FilterChainProxy.java:191)
	at org.springframework.web.filter.DelegatingFilterProxy.invokeDelegate(DelegatingFilterProxy.java:352)
	at org.springframework.web.filter.DelegatingFilterProxy.doFilter(DelegatingFilterProxy.java:268)
	at org.apache.catalina.core.ApplicationFilterChain.internalDoFilter(ApplicationFilterChain.java:174)
	at org.apache.catalina.core.ApplicationFilterChain.doFilter(ApplicationFilterChain.java:149)
	at org.springframework.web.filter.RequestContextFilter.doFilterInternal(RequestContextFilter.java:100)
	at org.springframework.web.filter.OncePerRequestFilter.doFilter(OncePerRequestFilter.java:116)
	at org.apache.catalina.core.ApplicationFilterChain.internalDoFilter(ApplicationFilterChain.java:174)
	at org.apache.catalina.core.ApplicationFilterChain.doFilter(ApplicationFilterChain.java:149)
	at org.springframework.web.filter.FormContentFilter.doFilterInternal(FormContentFilter.java:93)
	at org.springframework.web.filter.OncePerRequestFilter.doFilter(OncePerRequestFilter.java:116)
	at org.apache.catalina.core.ApplicationFilterChain.internalDoFilter(ApplicationFilterChain.java:174)
	at org.apache.catalina.core.ApplicationFilterChain.doFilter(ApplicationFilterChain.java:149)
	at org.springframework.web.filter.ServerHttpObservationFilter.doFilterInternal(ServerHttpObservationFilter.java:109)
	at org.springframework.web.filter.OncePerRequestFilter.doFilter(OncePerRequestFilter.java:116)
	at org.apache.catalina.core.ApplicationFilterChain.internalDoFilter(ApplicationFilterChain.java:174)
	at org.apache.catalina.core.ApplicationFilterChain.doFilter(ApplicationFilterChain.java:149)
	at org.springframework.web.filter.CharacterEncodingFilter.doFilterInternal(CharacterEncodingFilter.java:201)
	at org.springframework.web.filter.OncePerRequestFilter.doFilter(OncePerRequestFilter.java:116)
	at org.apache.catalina.core.ApplicationFilterChain.internalDoFilter(ApplicationFilterChain.java:174)
	at org.apache.catalina.core.ApplicationFilterChain.doFilter(ApplicationFilterChain.java:149)
	at org.apache.catalina.core.StandardWrapperValve.invoke(StandardWrapperValve.java:167)
	at org.apache.catalina.core.StandardContextValve.invoke(StandardContextValve.java:90)
	at org.apache.catalina.authenticator.AuthenticatorBase.invoke(AuthenticatorBase.java:482)
	at org.apache.catalina.core.StandardHostValve.invoke(StandardHostValve.java:115)
	at org.apache.catalina.valves.ErrorReportValve.invoke(ErrorReportValve.java:93)
	at org.apache.catalina.core.StandardEngineValve.invoke(StandardEngineValve.java:74)
	at org.apache.catalina.connector.CoyoteAdapter.service(CoyoteAdapter.java:340)
	at org.apache.coyote.http11.Http11Processor.service(Http11Processor.java:391)
	at org.apache.coyote.AbstractProcessorLight.process(AbstractProcessorLight.java:63)
	at org.apache.coyote.AbstractProtocol$ConnectionHandler.process(AbstractProtocol.java:896)
	at org.apache.tomcat.util.net.NioEndpoint$SocketProcessor.doRun(NioEndpoint.java:1744)
	at org.apache.tomcat.util.net.SocketProcessorBase.run(SocketProcessorBase.java:52)
	at org.apache.tomcat.util.threads.ThreadPoolExecutor.runWorker(ThreadPoolExecutor.java:1191)
	at org.apache.tomcat.util.threads.ThreadPoolExecutor$Worker.run(ThreadPoolExecutor.java:659)
	at org.apache.tomcat.util.threads.TaskThread$WrappingRunnable.run(TaskThread.java:61)
	at java.base/java.lang.Thread.run(Thread.java:840)
Caused by: java.net.ConnectException: Connection timed out
	at java.base/sun.nio.ch.Net.connect0(Native Method)
	at java.base/sun.nio.ch.Net.connect(Net.java:579)
	at java.base/sun.nio.ch.Net.connect(Net.java:568)
	at java.base/sun.nio.ch.NioSocketImpl.connect(NioSocketImpl.java:593)
	at java.base/java.net.SocksSocketImpl.connect(SocksSocketImpl.java:327)
	at java.base/java.net.Socket.connect(Socket.java:633)
	at java.base/java.net.Socket.connect(Socket.java:583)
	at com.sun.mail.util.SocketFetcher.createSocket(SocketFetcher.java:361)
	at com.sun.mail.util.SocketFetcher.getSocket(SocketFetcher.java:236)
	at com.sun.mail.smtp.SMTPTransport.openServer(SMTPTransport.java:2209)
	... 157 common frames omitted
2025-09-25 10:22:16 [http-nio-8080-exec-2] WARN  o.s.b.a.health.HealthEndpointSupport - Health contributor org.springframework.boot.actuate.mail.MailHealthIndicator (mail) took 129552ms to respond
